[debug] [2025-11-21T01:20:37.448Z] ----------------------------------------------------------------------
[debug] [2025-11-21T01:20:37.451Z] Command:       /nix/store/ixbb20farqh1f4fqbmsn6b1ixn8mc8ij-nodejs-20.18.1/bin/node /home/user/fforganizer-1/node_modules/.bin/firebase emulators:start --only auth
[debug] [2025-11-21T01:20:37.452Z] CLI Version:   14.26.0
[debug] [2025-11-21T01:20:37.452Z] Platform:      linux
[debug] [2025-11-21T01:20:37.452Z] Node Version:  v20.18.1
[debug] [2025-11-21T01:20:37.452Z] Time:          Fri Nov 21 2025 01:20:37 GMT+0000 (Coordinated Universal Time)
[debug] [2025-11-21T01:20:37.452Z] ----------------------------------------------------------------------
[debug] 
[debug] [2025-11-21T01:20:37.923Z] No OAuth tokens found
[debug] [2025-11-21T01:20:37.923Z] No OAuth tokens found
[error] Failed to fetch Firebase Project from current Studio Workspace: Unable to refresh auth: not yet authenticated.
[debug] [2025-11-21T01:20:37.930Z] > command requires scopes: ["email","openid","https://www.googleapis.com/auth/cloudplatformprojects.readonly","https://www.googleapis.com/auth/firebase","https://www.googleapis.com/auth/cloud-platform","https://www.googleapis.com/auth/userinfo.email"]
[debug] [2025-11-21T01:20:37.931Z] > authorizing via signed-in user (futurefoundationcorporation@gmail.com)
[info] i  emulators: Starting emulators: auth {"metadata":{"emulator":{"name":"hub"},"message":"Starting emulators: auth"}}
[warn] ⚠  hub: Error when trying to check port 4400 on ::1: Error: listen EADDRNOTAVAIL: address not available ::1:4400 {"metadata":{"emulator":{"name":"hub"},"message":"Error when trying to check port 4400 on ::1: Error: listen EADDRNOTAVAIL: address not available ::1:4400"}}
[warn] ⚠  hub: Port 4400 is available on 127.0.0.1 but not ::1. This may cause issues with some clients. {"metadata":{"emulator":{"name":"hub"},"message":"Port 4400 is available on 127.0.0.1 but not ::1. This may cause issues with some clients."}}
[warn] ⚠  hub: If you encounter connectivity issues, consider switching to a different port or explicitly specifying "host": "<ip address>" instead of hostname in firebase.json {"metadata":{"emulator":{"name":"hub"},"message":"If you encounter connectivity issues, consider switching to a different port or explicitly specifying \"host\": \"<ip address>\" instead of hostname in firebase.json"}}
[warn] ⚠  ui: Error when trying to check port 4000 on ::1: Error: listen EADDRNOTAVAIL: address not available ::1:4000 {"metadata":{"emulator":{"name":"ui"},"message":"Error when trying to check port 4000 on ::1: Error: listen EADDRNOTAVAIL: address not available ::1:4000"}}
[warn] ⚠  ui: Port 4000 is available on 127.0.0.1 but not ::1. This may cause issues with some clients. {"metadata":{"emulator":{"name":"ui"},"message":"Port 4000 is available on 127.0.0.1 but not ::1. This may cause issues with some clients."}}
[warn] ⚠  ui: If you encounter connectivity issues, consider switching to a different port or explicitly specifying "host": "<ip address>" instead of hostname in firebase.json {"metadata":{"emulator":{"name":"ui"},"message":"If you encounter connectivity issues, consider switching to a different port or explicitly specifying \"host\": \"<ip address>\" instead of hostname in firebase.json"}}
[warn] ⚠  logging: Error when trying to check port 4500 on ::1: Error: listen EADDRNOTAVAIL: address not available ::1:4500 {"metadata":{"emulator":{"name":"logging"},"message":"Error when trying to check port 4500 on ::1: Error: listen EADDRNOTAVAIL: address not available ::1:4500"}}
[warn] ⚠  logging: Port 4500 is available on 127.0.0.1 but not ::1. This may cause issues with some clients. {"metadata":{"emulator":{"name":"logging"},"message":"Port 4500 is available on 127.0.0.1 but not ::1. This may cause issues with some clients."}}
[warn] ⚠  logging: If you encounter connectivity issues, consider switching to a different port or explicitly specifying "host": "<ip address>" instead of hostname in firebase.json {"metadata":{"emulator":{"name":"logging"},"message":"If you encounter connectivity issues, consider switching to a different port or explicitly specifying \"host\": \"<ip address>\" instead of hostname in firebase.json"}}
[warn] ⚠  auth: Error when trying to check port 9099 on ::1: Error: listen EADDRNOTAVAIL: address not available ::1:9099 {"metadata":{"emulator":{"name":"auth"},"message":"Error when trying to check port 9099 on ::1: Error: listen EADDRNOTAVAIL: address not available ::1:9099"}}
[warn] ⚠  auth: Port 9099 is available on 127.0.0.1 but not ::1. This may cause issues with some clients. {"metadata":{"emulator":{"name":"auth"},"message":"Port 9099 is available on 127.0.0.1 but not ::1. This may cause issues with some clients."}}
[warn] ⚠  auth: If you encounter connectivity issues, consider switching to a different port or explicitly specifying "host": "<ip address>" instead of hostname in firebase.json {"metadata":{"emulator":{"name":"auth"},"message":"If you encounter connectivity issues, consider switching to a different port or explicitly specifying \"host\": \"<ip address>\" instead of hostname in firebase.json"}}
[debug] [2025-11-21T01:20:37.952Z] assigned listening specs for emulators {"user":{"hub":[{"address":"127.0.0.1","family":"IPv4","port":4400}],"ui":[{"address":"127.0.0.1","family":"IPv4","port":4000}],"logging":[{"address":"127.0.0.1","family":"IPv4","port":4500}],"auth":[{"address":"127.0.0.1","family":"IPv4","port":9099}]},"metadata":{"message":"assigned listening specs for emulators"}}
[debug] [2025-11-21T01:20:37.957Z] Emulator locator file path: /tmp/hub-futurefoundationorganizer.json
[debug] [2025-11-21T01:20:37.958Z] [hub] writing locator at /tmp/hub-futurefoundationorganizer.json
[info] i  ui: downloading ui-v1.15.0.zip... {"metadata":{"emulator":{"name":"ui"},"message":"downloading ui-v1.15.0.zip..."}}
[debug] [2025-11-21T01:20:52.967Z] >>> [apiv2][query] GET https://storage.googleapis.com/firebase-preview-drop/emulator/ui-v1.15.0.zip 
[debug] [2025-11-21T01:20:53.174Z] <<< [apiv2][status] GET https://storage.googleapis.com/firebase-preview-drop/emulator/ui-v1.15.0.zip 200
[debug] [2025-11-21T01:20:53.175Z] <<< [apiv2][body] GET https://storage.googleapis.com/firebase-preview-drop/emulator/ui-v1.15.0.zip [stream]
[debug] [2025-11-21T01:20:53.737Z] Data is 3538469
[debug] [2025-11-21T01:20:53.738Z] [unzip] Entry: client/ (compressed_size=0 bytes, uncompressed_size=0 bytes)
[debug] [2025-11-21T01:20:53.739Z] [unzip] Processing entry: client/
[debug] [2025-11-21T01:20:53.739Z] [unzip] mkdir: /home/user/.cache/firebase/emulators/ui-v1.15.0/client/
[debug] [2025-11-21T01:20:53.765Z] [unzip] Entry: client/favicon-16x16.png (compressed_size=293 bytes, uncompressed_size=293 bytes)
[debug] [2025-11-21T01:20:53.767Z] [unzip] Processing entry: client/favicon-16x16.png
[debug] [2025-11-21T01:20:53.767Z] [unzip] else mkdir: /home/user/.cache/firebase/emulators/ui-v1.15.0/client
[debug] [2025-11-21T01:20:53.782Z] [unzip] Writing file: /home/user/.cache/firebase/emulators/ui-v1.15.0/client/favicon-16x16.png
[debug] [2025-11-21T01:20:53.802Z] [unzip] Entry: client/safari-pinned-tab.svg (compressed_size=1433 bytes, uncompressed_size=2611 bytes)
[debug] [2025-11-21T01:20:53.803Z] [unzip] Processing entry: client/safari-pinned-tab.svg
[debug] [2025-11-21T01:20:53.803Z] [unzip] else mkdir: /home/user/.cache/firebase/emulators/ui-v1.15.0/client
[debug] [2025-11-21T01:20:53.814Z] [unzip] deflating: /home/user/.cache/firebase/emulators/ui-v1.15.0/client/safari-pinned-tab.svg
[debug] [2025-11-21T01:20:53.856Z] [unzip] Entry: client/favicon.ico (compressed_size=2933 bytes, uncompressed_size=13294 bytes)
[debug] [2025-11-21T01:20:53.857Z] [unzip] Processing entry: client/favicon.ico
[debug] [2025-11-21T01:20:53.858Z] [unzip] else mkdir: /home/user/.cache/firebase/emulators/ui-v1.15.0/client
[debug] [2025-11-21T01:20:53.870Z] [unzip] deflating: /home/user/.cache/firebase/emulators/ui-v1.15.0/client/favicon.ico
[debug] [2025-11-21T01:20:53.890Z] [unzip] Entry: client/index.html (compressed_size=1364 bytes, uncompressed_size=3071 bytes)
[debug] [2025-11-21T01:20:53.891Z] [unzip] Processing entry: client/index.html
[debug] [2025-11-21T01:20:53.892Z] [unzip] else mkdir: /home/user/.cache/firebase/emulators/ui-v1.15.0/client
[debug] [2025-11-21T01:20:53.901Z] [unzip] deflating: /home/user/.cache/firebase/emulators/ui-v1.15.0/client/index.html
[debug] [2025-11-21T01:20:53.923Z] [unzip] Entry: client/android-chrome-192x192.png (compressed_size=2684 bytes, uncompressed_size=2684 bytes)
[debug] [2025-11-21T01:20:53.929Z] [unzip] Processing entry: client/android-chrome-192x192.png
[debug] [2025-11-21T01:20:53.930Z] [unzip] else mkdir: /home/user/.cache/firebase/emulators/ui-v1.15.0/client
[debug] [2025-11-21T01:20:53.940Z] [unzip] Writing file: /home/user/.cache/firebase/emulators/ui-v1.15.0/client/android-chrome-192x192.png
[debug] [2025-11-21T01:20:53.949Z] [unzip] Entry: client/apple-touch-icon.png (compressed_size=2123 bytes, uncompressed_size=2152 bytes)
[debug] [2025-11-21T01:20:53.953Z] [unzip] Processing entry: client/apple-touch-icon.png
[debug] [2025-11-21T01:20:53.953Z] [unzip] else mkdir: /home/user/.cache/firebase/emulators/ui-v1.15.0/client
[debug] [2025-11-21T01:20:53.959Z] [unzip] deflating: /home/user/.cache/firebase/emulators/ui-v1.15.0/client/apple-touch-icon.png
[debug] [2025-11-21T01:20:53.978Z] [unzip] Entry: client/android-chrome-512x512.png (compressed_size=5369 bytes, uncompressed_size=5411 bytes)
[debug] [2025-11-21T01:20:53.981Z] [unzip] Processing entry: client/android-chrome-512x512.png
[debug] [2025-11-21T01:20:53.982Z] [unzip] else mkdir: /home/user/.cache/firebase/emulators/ui-v1.15.0/client
[debug] [2025-11-21T01:20:53.990Z] [unzip] deflating: /home/user/.cache/firebase/emulators/ui-v1.15.0/client/android-chrome-512x512.png
[debug] [2025-11-21T01:20:54.012Z] [unzip] Entry: client/manifest.json (compressed_size=245 bytes, uncompressed_size=551 bytes)
[debug] [2025-11-21T01:20:54.017Z] [unzip] Processing entry: client/manifest.json
[debug] [2025-11-21T01:20:54.017Z] [unzip] else mkdir: /home/user/.cache/firebase/emulators/ui-v1.15.0/client
[debug] [2025-11-21T01:20:54.024Z] [unzip] deflating: /home/user/.cache/firebase/emulators/ui-v1.15.0/client/manifest.json
[debug] [2025-11-21T01:20:54.041Z] [unzip] Entry: client/robots.txt (compressed_size=26 bytes, uncompressed_size=26 bytes)
[debug] [2025-11-21T01:20:54.046Z] [unzip] Processing entry: client/robots.txt
[debug] [2025-11-21T01:20:54.046Z] [unzip] else mkdir: /home/user/.cache/firebase/emulators/ui-v1.15.0/client
[debug] [2025-11-21T01:20:54.054Z] [unzip] Writing file: /home/user/.cache/firebase/emulators/ui-v1.15.0/client/robots.txt
[debug] [2025-11-21T01:20:54.066Z] [unzip] Entry: client/mstile-150x150.png (compressed_size=2034 bytes, uncompressed_size=2034 bytes)
[debug] [2025-11-21T01:20:54.068Z] [unzip] Processing entry: client/mstile-150x150.png
[debug] [2025-11-21T01:20:54.071Z] [unzip] else mkdir: /home/user/.cache/firebase/emulators/ui-v1.15.0/client
[debug] [2025-11-21T01:20:54.074Z] [unzip] Writing file: /home/user/.cache/firebase/emulators/ui-v1.15.0/client/mstile-150x150.png
[debug] [2025-11-21T01:20:54.088Z] [unzip] Entry: client/assets/ (compressed_size=0 bytes, uncompressed_size=0 bytes)
[debug] [2025-11-21T01:20:54.088Z] [unzip] Processing entry: client/assets/
[debug] [2025-11-21T01:20:54.088Z] [unzip] mkdir: /home/user/.cache/firebase/emulators/ui-v1.15.0/client/assets/
[debug] [2025-11-21T01:20:54.094Z] [unzip] Entry: client/assets/index-BX-A56oj.js (compressed_size=582089 bytes, uncompressed_size=2092775 bytes)
[debug] [2025-11-21T01:20:54.095Z] [unzip] Processing entry: client/assets/index-BX-A56oj.js
[debug] [2025-11-21T01:20:54.095Z] [unzip] else mkdir: /home/user/.cache/firebase/emulators/ui-v1.15.0/client/assets
[debug] [2025-11-21T01:20:54.099Z] [unzip] deflating: /home/user/.cache/firebase/emulators/ui-v1.15.0/client/assets/index-BX-A56oj.js
[debug] [2025-11-21T01:20:54.265Z] [unzip] Entry: client/assets/index-CjB9C900.css (compressed_size=35979 bytes, uncompressed_size=298654 bytes)
[debug] [2025-11-21T01:20:54.266Z] [unzip] Processing entry: client/assets/index-CjB9C900.css
[debug] [2025-11-21T01:20:54.266Z] [unzip] else mkdir: /home/user/.cache/firebase/emulators/ui-v1.15.0/client/assets
[debug] [2025-11-21T01:20:54.269Z] [unzip] deflating: /home/user/.cache/firebase/emulators/ui-v1.15.0/client/assets/index-CjB9C900.css
[debug] [2025-11-21T01:20:54.308Z] [unzip] Entry: client/assets/index-BX-A56oj.js.map (compressed_size=2362482 bytes, uncompressed_size=10036679 bytes)
[debug] [2025-11-21T01:20:54.308Z] [unzip] Processing entry: client/assets/index-BX-A56oj.js.map
[debug] [2025-11-21T01:20:54.308Z] [unzip] else mkdir: /home/user/.cache/firebase/emulators/ui-v1.15.0/client/assets
[debug] [2025-11-21T01:20:54.315Z] [unzip] deflating: /home/user/.cache/firebase/emulators/ui-v1.15.0/client/assets/index-BX-A56oj.js.map
[debug] [2025-11-21T01:20:55.000Z] [unzip] Entry: client/assets/extensions/ (compressed_size=0 bytes, uncompressed_size=0 bytes)
[debug] [2025-11-21T01:20:55.000Z] [unzip] Processing entry: client/assets/extensions/
[debug] [2025-11-21T01:20:55.000Z] [unzip] mkdir: /home/user/.cache/firebase/emulators/ui-v1.15.0/client/assets/extensions/
[debug] [2025-11-21T01:20:55.005Z] [unzip] Entry: client/assets/extensions/default-extension.png (compressed_size=1646 bytes, uncompressed_size=1657 bytes)
[debug] [2025-11-21T01:20:55.005Z] [unzip] Processing entry: client/assets/extensions/default-extension.png
[debug] [2025-11-21T01:20:55.005Z] [unzip] else mkdir: /home/user/.cache/firebase/emulators/ui-v1.15.0/client/assets/extensions
[debug] [2025-11-21T01:20:55.010Z] [unzip] deflating: /home/user/.cache/firebase/emulators/ui-v1.15.0/client/assets/extensions/default-extension.png
[debug] [2025-11-21T01:20:55.019Z] [unzip] Entry: client/assets/img/ (compressed_size=0 bytes, uncompressed_size=0 bytes)
[debug] [2025-11-21T01:20:55.022Z] [unzip] Processing entry: client/assets/img/
[debug] [2025-11-21T01:20:55.022Z] [unzip] mkdir: /home/user/.cache/firebase/emulators/ui-v1.15.0/client/assets/img/
[debug] [2025-11-21T01:20:55.025Z] [unzip] Entry: client/assets/img/database.png (compressed_size=29449 bytes, uncompressed_size=29988 bytes)
[debug] [2025-11-21T01:20:55.025Z] [unzip] Processing entry: client/assets/img/database.png
[debug] [2025-11-21T01:20:55.025Z] [unzip] else mkdir: /home/user/.cache/firebase/emulators/ui-v1.15.0/client/assets/img
[debug] [2025-11-21T01:20:55.029Z] [unzip] deflating: /home/user/.cache/firebase/emulators/ui-v1.15.0/client/assets/img/database.png
[debug] [2025-11-21T01:20:55.042Z] [unzip] Entry: client/assets/provider-icons/ (compressed_size=0 bytes, uncompressed_size=0 bytes)
[debug] [2025-11-21T01:20:55.043Z] [unzip] Processing entry: client/assets/provider-icons/
[debug] [2025-11-21T01:20:55.043Z] [unzip] mkdir: /home/user/.cache/firebase/emulators/ui-v1.15.0/client/assets/provider-icons/
[debug] [2025-11-21T01:20:55.045Z] [unzip] Entry: client/assets/provider-icons/auth_service_saml.svg (compressed_size=575 bytes, uncompressed_size=1226 bytes)
[debug] [2025-11-21T01:20:55.046Z] [unzip] Processing entry: client/assets/provider-icons/auth_service_saml.svg
[debug] [2025-11-21T01:20:55.046Z] [unzip] else mkdir: /home/user/.cache/firebase/emulators/ui-v1.15.0/client/assets/provider-icons
[debug] [2025-11-21T01:20:55.055Z] [unzip] deflating: /home/user/.cache/firebase/emulators/ui-v1.15.0/client/assets/provider-icons/auth_service_saml.svg
[debug] [2025-11-21T01:20:55.065Z] [unzip] Entry: client/assets/provider-icons/auth_service_phone.svg (compressed_size=261 bytes, uncompressed_size=414 bytes)
[debug] [2025-11-21T01:20:55.065Z] [unzip] Processing entry: client/assets/provider-icons/auth_service_phone.svg
[debug] [2025-11-21T01:20:55.065Z] [unzip] else mkdir: /home/user/.cache/firebase/emulators/ui-v1.15.0/client/assets/provider-icons
[debug] [2025-11-21T01:20:55.076Z] [unzip] deflating: /home/user/.cache/firebase/emulators/ui-v1.15.0/client/assets/provider-icons/auth_service_phone.svg
[debug] [2025-11-21T01:20:55.095Z] [unzip] Entry: client/assets/provider-icons/auth_service_facebook.svg (compressed_size=289 bytes, uncompressed_size=457 bytes)
[debug] [2025-11-21T01:20:55.098Z] [unzip] Processing entry: client/assets/provider-icons/auth_service_facebook.svg
[debug] [2025-11-21T01:20:55.098Z] [unzip] else mkdir: /home/user/.cache/firebase/emulators/ui-v1.15.0/client/assets/provider-icons
[debug] [2025-11-21T01:20:55.100Z] [unzip] deflating: /home/user/.cache/firebase/emulators/ui-v1.15.0/client/assets/provider-icons/auth_service_facebook.svg
[debug] [2025-11-21T01:20:55.111Z] [unzip] Entry: client/assets/provider-icons/auth_service_game_center.svg (compressed_size=991 bytes, uncompressed_size=3921 bytes)
[debug] [2025-11-21T01:20:55.114Z] [unzip] Processing entry: client/assets/provider-icons/auth_service_game_center.svg
[debug] [2025-11-21T01:20:55.114Z] [unzip] else mkdir: /home/user/.cache/firebase/emulators/ui-v1.15.0/client/assets/provider-icons
[debug] [2025-11-21T01:20:55.119Z] [unzip] deflating: /home/user/.cache/firebase/emulators/ui-v1.15.0/client/assets/provider-icons/auth_service_game_center.svg
[debug] [2025-11-21T01:20:55.136Z] [unzip] Entry: client/assets/provider-icons/auth_service_apple.svg (compressed_size=230 bytes, uncompressed_size=334 bytes)
[debug] [2025-11-21T01:20:55.138Z] [unzip] Processing entry: client/assets/provider-icons/auth_service_apple.svg
[debug] [2025-11-21T01:20:55.138Z] [unzip] else mkdir: /home/user/.cache/firebase/emulators/ui-v1.15.0/client/assets/provider-icons
[debug] [2025-11-21T01:20:55.145Z] [unzip] deflating: /home/user/.cache/firebase/emulators/ui-v1.15.0/client/assets/provider-icons/auth_service_apple.svg
[debug] [2025-11-21T01:20:55.155Z] [unzip] Entry: client/assets/provider-icons/auth_service_github.svg (compressed_size=466 bytes, uncompressed_size=838 bytes)
[debug] [2025-11-21T01:20:55.160Z] [unzip] Processing entry: client/assets/provider-icons/auth_service_github.svg
[debug] [2025-11-21T01:20:55.160Z] [unzip] else mkdir: /home/user/.cache/firebase/emulators/ui-v1.15.0/client/assets/provider-icons
[debug] [2025-11-21T01:20:55.161Z] [unzip] deflating: /home/user/.cache/firebase/emulators/ui-v1.15.0/client/assets/provider-icons/auth_service_github.svg
[debug] [2025-11-21T01:20:55.174Z] [unzip] Entry: client/assets/provider-icons/auth_service_mslive.svg (compressed_size=203 bytes, uncompressed_size=378 bytes)
[debug] [2025-11-21T01:20:55.176Z] [unzip] Processing entry: client/assets/provider-icons/auth_service_mslive.svg
[debug] [2025-11-21T01:20:55.177Z] [unzip] else mkdir: /home/user/.cache/firebase/emulators/ui-v1.15.0/client/assets/provider-icons
[debug] [2025-11-21T01:20:55.180Z] [unzip] deflating: /home/user/.cache/firebase/emulators/ui-v1.15.0/client/assets/provider-icons/auth_service_mslive.svg
[debug] [2025-11-21T01:20:55.196Z] [unzip] Entry: client/assets/provider-icons/auth_service_yahoo.svg (compressed_size=577 bytes, uncompressed_size=1182 bytes)
[debug] [2025-11-21T01:20:55.198Z] [unzip] Processing entry: client/assets/provider-icons/auth_service_yahoo.svg
[debug] [2025-11-21T01:20:55.199Z] [unzip] else mkdir: /home/user/.cache/firebase/emulators/ui-v1.15.0/client/assets/provider-icons
[debug] [2025-11-21T01:20:55.206Z] [unzip] deflating: /home/user/.cache/firebase/emulators/ui-v1.15.0/client/assets/provider-icons/auth_service_yahoo.svg
[debug] [2025-11-21T01:20:55.223Z] [unzip] Entry: client/assets/provider-icons/auth_service_twitter.svg (compressed_size=444 bytes, uncompressed_size=751 bytes)
[debug] [2025-11-21T01:20:55.225Z] [unzip] Processing entry: client/assets/provider-icons/auth_service_twitter.svg
[debug] [2025-11-21T01:20:55.225Z] [unzip] else mkdir: /home/user/.cache/firebase/emulators/ui-v1.15.0/client/assets/provider-icons
[debug] [2025-11-21T01:20:55.237Z] [unzip] deflating: /home/user/.cache/firebase/emulators/ui-v1.15.0/client/assets/provider-icons/auth_service_twitter.svg
[debug] [2025-11-21T01:20:55.256Z] [unzip] Entry: client/assets/provider-icons/auth_service_play_games.svg (compressed_size=565 bytes, uncompressed_size=1173 bytes)
[debug] [2025-11-21T01:20:55.256Z] [unzip] Processing entry: client/assets/provider-icons/auth_service_play_games.svg
[debug] [2025-11-21T01:20:55.257Z] [unzip] else mkdir: /home/user/.cache/firebase/emulators/ui-v1.15.0/client/assets/provider-icons
[debug] [2025-11-21T01:20:55.263Z] [unzip] deflating: /home/user/.cache/firebase/emulators/ui-v1.15.0/client/assets/provider-icons/auth_service_play_games.svg
[debug] [2025-11-21T01:20:55.287Z] [unzip] Entry: client/assets/provider-icons/auth_service_email.svg (compressed_size=228 bytes, uncompressed_size=326 bytes)
[debug] [2025-11-21T01:20:55.288Z] [unzip] Processing entry: client/assets/provider-icons/auth_service_email.svg
[debug] [2025-11-21T01:20:55.288Z] [unzip] else mkdir: /home/user/.cache/firebase/emulators/ui-v1.15.0/client/assets/provider-icons
[debug] [2025-11-21T01:20:55.304Z] [unzip] deflating: /home/user/.cache/firebase/emulators/ui-v1.15.0/client/assets/provider-icons/auth_service_email.svg
[debug] [2025-11-21T01:20:55.319Z] [unzip] Entry: client/assets/provider-icons/auth_service_google.svg (compressed_size=409 bytes, uncompressed_size=720 bytes)
[debug] [2025-11-21T01:20:55.321Z] [unzip] Processing entry: client/assets/provider-icons/auth_service_google.svg
[debug] [2025-11-21T01:20:55.321Z] [unzip] else mkdir: /home/user/.cache/firebase/emulators/ui-v1.15.0/client/assets/provider-icons
[debug] [2025-11-21T01:20:55.325Z] [unzip] deflating: /home/user/.cache/firebase/emulators/ui-v1.15.0/client/assets/provider-icons/auth_service_google.svg
[debug] [2025-11-21T01:20:55.341Z] [unzip] Entry: client/assets/provider-icons/auth_service_oidc.svg (compressed_size=414 bytes, uncompressed_size=858 bytes)
[debug] [2025-11-21T01:20:55.346Z] [unzip] Processing entry: client/assets/provider-icons/auth_service_oidc.svg
[debug] [2025-11-21T01:20:55.346Z] [unzip] else mkdir: /home/user/.cache/firebase/emulators/ui-v1.15.0/client/assets/provider-icons
[debug] [2025-11-21T01:20:55.354Z] [unzip] deflating: /home/user/.cache/firebase/emulators/ui-v1.15.0/client/assets/provider-icons/auth_service_oidc.svg
[debug] [2025-11-21T01:20:55.370Z] [unzip] Entry: client/browserconfig.xml (compressed_size=491 bytes, uncompressed_size=822 bytes)
[debug] [2025-11-21T01:20:55.372Z] [unzip] Processing entry: client/browserconfig.xml
[debug] [2025-11-21T01:20:55.372Z] [unzip] else mkdir: /home/user/.cache/firebase/emulators/ui-v1.15.0/client
[debug] [2025-11-21T01:20:55.379Z] [unzip] deflating: /home/user/.cache/firebase/emulators/ui-v1.15.0/client/browserconfig.xml
[debug] [2025-11-21T01:20:55.393Z] [unzip] Entry: client/favicon-32x32.png (compressed_size=475 bytes, uncompressed_size=475 bytes)
[debug] [2025-11-21T01:20:55.397Z] [unzip] Processing entry: client/favicon-32x32.png
[debug] [2025-11-21T01:20:55.397Z] [unzip] else mkdir: /home/user/.cache/firebase/emulators/ui-v1.15.0/client
[debug] [2025-11-21T01:20:55.407Z] [unzip] Writing file: /home/user/.cache/firebase/emulators/ui-v1.15.0/client/favicon-32x32.png
[debug] [2025-11-21T01:20:55.415Z] [unzip] Entry: server/ (compressed_size=0 bytes, uncompressed_size=0 bytes)
[debug] [2025-11-21T01:20:55.419Z] [unzip] Processing entry: server/
[debug] [2025-11-21T01:20:55.419Z] [unzip] mkdir: /home/user/.cache/firebase/emulators/ui-v1.15.0/server/
[debug] [2025-11-21T01:20:55.421Z] [unzip] Entry: server/server.mjs.map (compressed_size=217845 bytes, uncompressed_size=944978 bytes)
[debug] [2025-11-21T01:20:55.421Z] [unzip] Processing entry: server/server.mjs.map
[debug] [2025-11-21T01:20:55.422Z] [unzip] else mkdir: /home/user/.cache/firebase/emulators/ui-v1.15.0/server
[debug] [2025-11-21T01:20:55.434Z] [unzip] deflating: /home/user/.cache/firebase/emulators/ui-v1.15.0/server/server.mjs.map
[debug] [2025-11-21T01:20:55.507Z] [unzip] Entry: server/server.mjs (compressed_size=276407 bytes, uncompressed_size=933701 bytes)
[debug] [2025-11-21T01:20:55.507Z] [unzip] Processing entry: server/server.mjs
[debug] [2025-11-21T01:20:55.507Z] [unzip] else mkdir: /home/user/.cache/firebase/emulators/ui-v1.15.0/server
[debug] [2025-11-21T01:20:55.517Z] [unzip] deflating: /home/user/.cache/firebase/emulators/ui-v1.15.0/server/server.mjs
[debug] [2025-11-21T01:20:55.621Z] Could not find VSCode notification endpoint: FetchError: request to http://localhost:40001/vscode/notify failed, reason: connect ECONNREFUSED 127.0.0.1:40001. If you are not running the Firebase Data Connect VSCode extension, this is expected and not an issue.
[info] 
┌─────────────────────────────────────────────────────────────┐
│ ✔  All emulators ready! It is now safe to connect your app. │
│ i  View Emulator UI at http://127.0.0.1:4000/               │
└─────────────────────────────────────────────────────────────┘

┌────────────────┬────────────────┬────────────────────────────┐
│ Emulator       │ Host:Port      │ View in Emulator UI        │
├────────────────┼────────────────┼────────────────────────────┤
│ Authentication │ 127.0.0.1:9099 │ http://127.0.0.1:4000/auth │
└────────────────┴────────────────┴────────────────────────────┘
  Emulator Hub host: 127.0.0.1 port: 4400
  Other reserved ports: 4500

Issues? Report them at https://github.com/firebase/firebase-tools/issues and attach the *-debug.log files.
 
[error] Failed to fetch Firebase Project from Studio Workspace because WORKSPACE_SLUG environment variable is empty
[error] Failed to fetch Firebase Project from Studio Workspace because WORKSPACE_SLUG environment variable is empty
[error] Failed to fetch Firebase Project from Studio Workspace because WORKSPACE_SLUG environment variable is empty
[error] Failed to fetch Firebase Project from Studio Workspace because WORKSPACE_SLUG environment variable is empty
[debug] [2025-11-21T02:05:01.006Z] > command requires scopes: ["email","openid","https://www.googleapis.com/auth/cloudplatformprojects.readonly","https://www.googleapis.com/auth/firebase","https://www.googleapis.com/auth/cloud-platform","https://www.googleapis.com/auth/userinfo.email"]
[debug] [2025-11-21T02:05:01.013Z] > command requires scopes: ["email","openid","https://www.googleapis.com/auth/cloudplatformprojects.readonly","https://www.googleapis.com/auth/firebase","https://www.googleapis.com/auth/cloud-platform","https://www.googleapis.com/auth/userinfo.email"]
[debug] [2025-11-21T02:05:05.486Z] Running auto auth
[debug] [2025-11-21T02:05:05.489Z] Running auto auth
[debug] [2025-11-21T02:05:05.594Z] No OAuth tokens found
[debug] [2025-11-21T02:05:05.647Z] No OAuth tokens found
[debug] [2025-11-21T02:05:05.648Z] No OAuth tokens found
[debug] [2025-11-21T02:05:05.651Z] >>> [apiv2][query] GET https://serviceusage.googleapis.com/v1/projects/futurefoundationorganizer/services/firebasedataconnect.googleapis.com [none]
[debug] [2025-11-21T02:05:05.651Z] >>> [apiv2][(partial)header] GET https://serviceusage.googleapis.com/v1/projects/futurefoundationorganizer/services/firebasedataconnect.googleapis.com x-goog-quota-user=projects/futurefoundationorganizer
[debug] [2025-11-21T02:05:05.729Z] >>> [apiv2][query] GET https://serviceusage.googleapis.com/v1/projects/futurefoundationorganizer/services/firebaseapphosting.googleapis.com [none]
[debug] [2025-11-21T02:05:05.729Z] >>> [apiv2][(partial)header] GET https://serviceusage.googleapis.com/v1/projects/futurefoundationorganizer/services/firebaseapphosting.googleapis.com x-goog-quota-user=projects/futurefoundationorganizer
[debug] [2025-11-21T02:05:05.735Z] >>> [apiv2][query] GET https://serviceusage.googleapis.com/v1/projects/futurefoundationorganizer/services/firebaseio.com [none]
[debug] [2025-11-21T02:05:05.735Z] >>> [apiv2][(partial)header] GET https://serviceusage.googleapis.com/v1/projects/futurefoundationorganizer/services/firebaseio.com x-goog-quota-user=projects/futurefoundationorganizer
[debug] [2025-11-21T02:05:05.812Z] No OAuth tokens found
[debug] [2025-11-21T02:05:05.830Z] No OAuth tokens found
[debug] [2025-11-21T02:05:05.831Z] No OAuth tokens found
[debug] [2025-11-21T02:05:05.831Z] >>> [apiv2][query] GET https://serviceusage.googleapis.com/v1/projects/futurefoundationorganizer/services/firebasedataconnect.googleapis.com [none]
[debug] [2025-11-21T02:05:05.835Z] >>> [apiv2][(partial)header] GET https://serviceusage.googleapis.com/v1/projects/futurefoundationorganizer/services/firebasedataconnect.googleapis.com x-goog-quota-user=projects/futurefoundationorganizer
[debug] [2025-11-21T02:05:05.846Z] >>> [apiv2][query] GET https://serviceusage.googleapis.com/v1/projects/futurefoundationorganizer/services/firebaseapphosting.googleapis.com [none]
[debug] [2025-11-21T02:05:05.846Z] >>> [apiv2][(partial)header] GET https://serviceusage.googleapis.com/v1/projects/futurefoundationorganizer/services/firebaseapphosting.googleapis.com x-goog-quota-user=projects/futurefoundationorganizer
[debug] [2025-11-21T02:05:05.851Z] >>> [apiv2][query] GET https://serviceusage.googleapis.com/v1/projects/futurefoundationorganizer/services/firebaseio.com [none]
[debug] [2025-11-21T02:05:05.851Z] >>> [apiv2][(partial)header] GET https://serviceusage.googleapis.com/v1/projects/futurefoundationorganizer/services/firebaseio.com x-goog-quota-user=projects/futurefoundationorganizer
[debug] [2025-11-21T02:05:06.086Z] <<< [apiv2][status] GET https://serviceusage.googleapis.com/v1/projects/futurefoundationorganizer/services/firebasedataconnect.googleapis.com 200
[debug] [2025-11-21T02:05:06.087Z] <<< [apiv2][body] GET https://serviceusage.googleapis.com/v1/projects/futurefoundationorganizer/services/firebasedataconnect.googleapis.com [omitted]
[debug] [2025-11-21T02:05:06.165Z] <<< [apiv2][status] GET https://serviceusage.googleapis.com/v1/projects/futurefoundationorganizer/services/firebasedataconnect.googleapis.com 200
[debug] [2025-11-21T02:05:06.165Z] <<< [apiv2][body] GET https://serviceusage.googleapis.com/v1/projects/futurefoundationorganizer/services/firebasedataconnect.googleapis.com [omitted]
[debug] [2025-11-21T02:05:06.208Z] <<< [apiv2][status] GET https://serviceusage.googleapis.com/v1/projects/futurefoundationorganizer/services/firebaseio.com 403
[debug] [2025-11-21T02:05:06.208Z] <<< [apiv2][body] GET https://serviceusage.googleapis.com/v1/projects/futurefoundationorganizer/services/firebaseio.com [omitted]
[debug] [2025-11-21T02:05:06.220Z] <<< [apiv2][status] GET https://serviceusage.googleapis.com/v1/projects/futurefoundationorganizer/services/firebaseapphosting.googleapis.com 200
[debug] [2025-11-21T02:05:06.220Z] <<< [apiv2][body] GET https://serviceusage.googleapis.com/v1/projects/futurefoundationorganizer/services/firebaseapphosting.googleapis.com [omitted]
[debug] [2025-11-21T02:05:06.221Z] <<< [apiv2][status] GET https://serviceusage.googleapis.com/v1/projects/futurefoundationorganizer/services/firebaseapphosting.googleapis.com 200
[debug] [2025-11-21T02:05:06.221Z] <<< [apiv2][body] GET https://serviceusage.googleapis.com/v1/projects/futurefoundationorganizer/services/firebaseapphosting.googleapis.com [omitted]
[debug] [2025-11-21T02:05:06.232Z] <<< [apiv2][status] GET https://serviceusage.googleapis.com/v1/projects/futurefoundationorganizer/services/firebaseio.com 403
[debug] [2025-11-21T02:05:06.233Z] <<< [apiv2][body] GET https://serviceusage.googleapis.com/v1/projects/futurefoundationorganizer/services/firebaseio.com [omitted]
[error] Failed to fetch Firebase Project from Studio Workspace because WORKSPACE_SLUG environment variable is empty
[error] Failed to fetch Firebase Project from Studio Workspace because WORKSPACE_SLUG environment variable is empty
[error] Failed to fetch Firebase Project from Studio Workspace because WORKSPACE_SLUG environment variable is empty
[debug] [2025-11-21T02:05:06.244Z] > command requires scopes: ["email","openid","https://www.googleapis.com/auth/cloudplatformprojects.readonly","https://www.googleapis.com/auth/firebase","https://www.googleapis.com/auth/cloud-platform","https://www.googleapis.com/auth/userinfo.email"]
[debug] [2025-11-21T02:05:06.244Z] > authorizing via signed-in user (futurefoundationcorporation@gmail.com)
[error] Failed to fetch Firebase Project from Studio Workspace because WORKSPACE_SLUG environment variable is empty
[debug] [2025-11-21T02:05:06.246Z] > command requires scopes: ["email","openid","https://www.googleapis.com/auth/cloudplatformprojects.readonly","https://www.googleapis.com/auth/firebase","https://www.googleapis.com/auth/cloud-platform","https://www.googleapis.com/auth/userinfo.email"]
[debug] [2025-11-21T02:05:06.247Z] > authorizing via signed-in user (futurefoundationcorporation@gmail.com)
[error] Failed to fetch Firebase Project from Studio Workspace because WORKSPACE_SLUG environment variable is empty
[error] Failed to fetch Firebase Project from Studio Workspace because WORKSPACE_SLUG environment variable is empty
[error] Failed to fetch Firebase Project from Studio Workspace because WORKSPACE_SLUG environment variable is empty
[debug] [2025-11-21T02:05:06.293Z] > command requires scopes: ["email","openid","https://www.googleapis.com/auth/cloudplatformprojects.readonly","https://www.googleapis.com/auth/firebase","https://www.googleapis.com/auth/cloud-platform","https://www.googleapis.com/auth/userinfo.email"]
[debug] [2025-11-21T02:05:06.293Z] > authorizing via signed-in user (futurefoundationcorporation@gmail.com)
[error] Failed to fetch Firebase Project from Studio Workspace because WORKSPACE_SLUG environment variable is empty
[debug] [2025-11-21T02:05:06.301Z] > command requires scopes: ["email","openid","https://www.googleapis.com/auth/cloudplatformprojects.readonly","https://www.googleapis.com/auth/firebase","https://www.googleapis.com/auth/cloud-platform","https://www.googleapis.com/auth/userinfo.email"]
[debug] [2025-11-21T02:05:06.301Z] > authorizing via signed-in user (futurefoundationcorporation@gmail.com)
[error] Failed to fetch Firebase Project from Studio Workspace because WORKSPACE_SLUG environment variable is empty
[error] Failed to fetch Firebase Project from Studio Workspace because WORKSPACE_SLUG environment variable is empty
[error] Failed to fetch Firebase Project from Studio Workspace because WORKSPACE_SLUG environment variable is empty
[debug] [2025-11-21T02:05:06.317Z] > command requires scopes: ["email","openid","https://www.googleapis.com/auth/cloudplatformprojects.readonly","https://www.googleapis.com/auth/firebase","https://www.googleapis.com/auth/cloud-platform","https://www.googleapis.com/auth/userinfo.email"]
[debug] [2025-11-21T02:05:06.318Z] > authorizing via signed-in user (futurefoundationcorporation@gmail.com)
[error] Failed to fetch Firebase Project from Studio Workspace because WORKSPACE_SLUG environment variable is empty
[debug] [2025-11-21T02:05:06.322Z] > command requires scopes: ["email","openid","https://www.googleapis.com/auth/cloudplatformprojects.readonly","https://www.googleapis.com/auth/firebase","https://www.googleapis.com/auth/cloud-platform","https://www.googleapis.com/auth/userinfo.email"]
[debug] [2025-11-21T02:05:06.329Z] > authorizing via signed-in user (futurefoundationcorporation@gmail.com)
